nohup: ignoring input
环境名：PolicyAgent, 算法名：PolicyGradient
开始训练智能体......
Epochs：1/80, Reward:169.00
Epochs：2/80, Reward:159.00
Epochs：3/80, Reward:157.00
Epochs：4/80, Reward:160.00
Epochs：5/80, Reward:161.00
train_loss: 0.18
Epochs：6/80, Reward:153.00
Epochs：7/80, Reward:164.00
Epochs：8/80, Reward:148.00
Epochs：9/80, Reward:161.00
Epochs：10/80, Reward:165.00
train_loss: 0.17
Epochs：11/80, Reward:160.00
Epochs：12/80, Reward:162.00
Epochs：13/80, Reward:158.00
Epochs：14/80, Reward:171.00
Epochs：15/80, Reward:166.00
train_loss: 0.18
Epochs：16/80, Reward:173.00
Epochs：17/80, Reward:155.00
Epochs：18/80, Reward:169.00
Epochs：19/80, Reward:155.00
Epochs：20/80, Reward:153.00
train_loss: 0.18
Epochs：21/80, Reward:163.00
Epochs：22/80, Reward:170.00
Epochs：23/80, Reward:164.00
Epochs：24/80, Reward:167.00
Epochs：25/80, Reward:154.00
train_loss: 0.18
Epochs：26/80, Reward:152.00
Epochs：27/80, Reward:170.00
Epochs：28/80, Reward:163.00
Epochs：29/80, Reward:165.00
Epochs：30/80, Reward:146.00
train_loss: 0.18
Epochs：31/80, Reward:174.00
Epochs：32/80, Reward:178.00
Epochs：33/80, Reward:165.00
Epochs：34/80, Reward:153.00
Epochs：35/80, Reward:165.00
train_loss: 0.19
Epochs：36/80, Reward:167.00
Epochs：37/80, Reward:160.00
Epochs：38/80, Reward:168.00
Epochs：39/80, Reward:165.00
Epochs：40/80, Reward:157.00
train_loss: 0.18
Epochs：41/80, Reward:157.00
Epochs：42/80, Reward:157.00
Epochs：43/80, Reward:162.00
Epochs：44/80, Reward:151.00
Epochs：45/80, Reward:155.00
train_loss: 0.17
Epochs：46/80, Reward:168.00
Epochs：47/80, Reward:158.00
Epochs：48/80, Reward:162.00
Epochs：49/80, Reward:152.00
Epochs：50/80, Reward:153.00
train_loss: 0.18
Epochs：51/80, Reward:158.00
Epochs：52/80, Reward:172.00
Epochs：53/80, Reward:156.00
Epochs：54/80, Reward:169.00
Epochs：55/80, Reward:160.00
train_loss: 0.19
Epochs：56/80, Reward:165.00
Epochs：57/80, Reward:156.00
Epochs：58/80, Reward:166.00
Epochs：59/80, Reward:163.00
Epochs：60/80, Reward:162.00
train_loss: 0.18
Epochs：61/80, Reward:156.00
Epochs：62/80, Reward:166.00
Epochs：63/80, Reward:160.00
Epochs：64/80, Reward:163.00
Epochs：65/80, Reward:155.00
train_loss: 0.18
Epochs：66/80, Reward:153.00
Epochs：67/80, Reward:148.00
Epochs：68/80, Reward:148.00
Epochs：69/80, Reward:162.00
Epochs：70/80, Reward:155.00
train_loss: 0.17
Epochs：71/80, Reward:161.00
Epochs：72/80, Reward:178.00
Epochs：73/80, Reward:177.00
Epochs：74/80, Reward:161.00
Epochs：75/80, Reward:163.00
train_loss: 0.19
Epochs：76/80, Reward:146.00
Epochs：77/80, Reward:155.00
Epochs：78/80, Reward:160.00
Epochs：79/80, Reward:153.00
Epochs：80/80, Reward:175.00
train_loss: 0.18
训练结束，用时：5319.8718938827515 s
环境名：PolicyAgent, 算法名：random
Epochs：1/80, Reward:159.00
Epochs：2/80, Reward:144.00
Epochs：3/80, Reward:165.00
Epochs：4/80, Reward:159.00
Epochs：5/80, Reward:151.00
Epochs：6/80, Reward:164.00
Epochs：7/80, Reward:130.00
Epochs：8/80, Reward:151.00
Epochs：9/80, Reward:152.00
Epochs：10/80, Reward:146.00
Epochs：11/80, Reward:143.00
Epochs：12/80, Reward:153.00
Epochs：13/80, Reward:156.00
Epochs：14/80, Reward:163.00
Epochs：15/80, Reward:154.00
Epochs：16/80, Reward:147.00
Epochs：17/80, Reward:164.00
Epochs：18/80, Reward:155.00
Epochs：19/80, Reward:169.00
Epochs：20/80, Reward:170.00
Epochs：21/80, Reward:155.00
Epochs：22/80, Reward:157.00
Epochs：23/80, Reward:164.00
Epochs：24/80, Reward:153.00
Epochs：25/80, Reward:147.00
Epochs：26/80, Reward:161.00
Epochs：27/80, Reward:162.00
Epochs：28/80, Reward:165.00
Epochs：29/80, Reward:168.00
Epochs：30/80, Reward:137.00
Epochs：31/80, Reward:158.00
Epochs：32/80, Reward:173.00
Epochs：33/80, Reward:166.00
Epochs：34/80, Reward:169.00
Epochs：35/80, Reward:155.00
Epochs：36/80, Reward:162.00
Epochs：37/80, Reward:166.00
Epochs：38/80, Reward:158.00
Epochs：39/80, Reward:160.00
Epochs：40/80, Reward:156.00
Epochs：41/80, Reward:157.00
Epochs：42/80, Reward:164.00
Epochs：43/80, Reward:131.00
Epochs：44/80, Reward:156.00
Epochs：45/80, Reward:148.00
Epochs：46/80, Reward:165.00
Epochs：47/80, Reward:152.00
Epochs：48/80, Reward:157.00
Epochs：49/80, Reward:165.00
Epochs：50/80, Reward:168.00
Epochs：51/80, Reward:146.00
Epochs：52/80, Reward:170.00
Epochs：53/80, Reward:165.00
Epochs：54/80, Reward:160.00
Epochs：55/80, Reward:155.00
Epochs：56/80, Reward:154.00
Epochs：57/80, Reward:161.00
Epochs：58/80, Reward:163.00
Epochs：59/80, Reward:158.00
Epochs：60/80, Reward:155.00
Epochs：61/80, Reward:156.00
Epochs：62/80, Reward:161.00
Epochs：63/80, Reward:157.00
Epochs：64/80, Reward:159.00
Epochs：65/80, Reward:147.00
Epochs：66/80, Reward:156.00
Epochs：67/80, Reward:143.00
Epochs：68/80, Reward:172.00
Epochs：69/80, Reward:160.00
Epochs：70/80, Reward:160.00
Epochs：71/80, Reward:155.00
Epochs：72/80, Reward:155.00
Epochs：73/80, Reward:164.00
Epochs：74/80, Reward:169.00
Epochs：75/80, Reward:146.00
Epochs：76/80, Reward:158.00
Epochs：77/80, Reward:171.00
Epochs：78/80, Reward:166.00
Epochs：79/80, Reward:157.00
Epochs：80/80, Reward:177.00
训练结束，用时：233.0644965171814 s
